<?xml version="1.0" encoding="UTF-8"?>
<!-- Generated by org.testng.reporters.JUnitReportReporter -->
<testsuite hostname="DESKTOP-BF7E238" failures="0" tests="1" name="com.jbk.Users" time="6.609" errors="0" timestamp="2022-02-12T16:24:48 IST" skipped="0">
  <testcase classname="com.jbk.Users" name="order_hyperlinks" time="6.609"/>
  <system-out/>
</testsuite> <!-- com.jbk.Users -->
