<?xml version="1.0" encoding="UTF-8"?>
<!-- Generated by org.testng.reporters.JUnitReportReporter -->
<testsuite hostname="DESKTOP-BF7E238" failures="0" tests="2" name="com.jbk.Annotations" time="0.016" errors="0" timestamp="2022-02-04T14:56:11 IST" skipped="0">
  <testcase classname="com.jbk.Annotations" name="test1" time="0.009"/>
  <system-out/>
  <testcase classname="com.jbk.Annotations" name="test2" time="0.007"/>
  <system-out/>
</testsuite> <!-- com.jbk.Annotations -->
