<?xml version="1.0" encoding="UTF-8"?>
<!-- Generated by org.testng.reporters.JUnitReportReporter -->
<testsuite hostname="DESKTOP-BF7E238" failures="0" tests="1" name="com.jbk.LoginTesting" time="5.899" errors="0" timestamp="2022-02-04T18:29:34 IST" skipped="0">
  <testcase classname="com.jbk.LoginTesting" name="logout" time="5.899"/>
  <system-out/>
</testsuite> <!-- com.jbk.LoginTesting -->
